2026-02-05 22:47:24 | INFO | 🕵️ 포트폴리오 감시 시작 (잔고 동기화 & 매도 대응)
2026-02-05 22:47:26 | INFO | ♻️ [관리등록] 파두 (20주, 평단 44,700)
2026-02-05 22:47:27 | INFO | 🕵️ 시장 개장 감시 시작 (삼성전자 거래량 감시)...
🔄 [REAL] 새로운 토큰 발급 요청 중...
🔄 [REAL] 새로운 토큰 발급 요청 중...
✅ [REAL] 토큰 발급 완료 (만료: 2026-02-06 23:56:21)
❌ 토큰 발급 실패: {'error_description': '접근토큰 발급 잠시 후 다시 시도하세요(1분당 1회)', 'error_code': 'EGW00133'}
2026-02-06 07:47:50 | INFO | 텔레그램 리스너 에러: HTTPSConnectionPool(host='api.telegram.org', port=443): Max retries exceeded with url: /bot8218792798:AAG6CIZam0jWpyoSBzpI6anycbUru7UwNdc/getUpdates?offset=1&timeout=10 (Caused by NewConnectionError("HTTPSConnection(host='api.telegram.org', port=443): Failed to establish a new connection: [Errno 101] Network is unreachable"))
2026-02-06 07:48:23 | INFO | 텔레그램 리스너 에러: HTTPSConnectionPool(host='api.telegram.org', port=443): Max retries exceeded with url: /bot8218792798:AAG6CIZam0jWpyoSBzpI6anycbUru7UwNdc/getUpdates?offset=1&timeout=10 (Caused by NewConnectionError("HTTPSConnection(host='api.telegram.org', port=443): Failed to establish a new connection: [Errno 101] Network is unreachable"))
2026-02-06 08:45:02 | INFO |    [08:45] 장전 거래량 포착(592). 09:00 정상 개장 대기.
2026-02-06 08:45:13 | INFO |    [08:45] 장전 거래량 포착(592). 09:00 정상 개장 대기.
2026-02-06 08:45:23 | INFO |    [08:45] 장전 거래량 포착(592). 09:00 정상 개장 대기.
2026-02-06 08:45:33 | INFO |    [08:45] 장전 거래량 포착(592). 09:00 정상 개장 대기.
2026-02-06 08:45:45 | INFO |    [08:45] 장전 거래량 포착(592). 09:00 정상 개장 대기.
2026-02-06 08:45:56 | INFO |    [08:45] 장전 거래량 포착(592). 09:00 정상 개장 대기.
2026-02-06 08:46:07 | INFO |    [08:46] 장전 거래량 포착(592). 09:00 정상 개장 대기.
2026-02-06 08:46:18 | INFO |    [08:46] 장전 거래량 포착(592). 09:00 정상 개장 대기.
2026-02-06 08:46:30 | INFO |    [08:46] 장전 거래량 포착(592). 09:00 정상 개장 대기.
2026-02-06 08:46:42 | INFO |    [08:46] 장전 거래량 포착(592). 09:00 정상 개장 대기.
2026-02-06 08:46:54 | INFO |    [08:46] 장전 거래량 포착(592). 09:00 정상 개장 대기.
2026-02-06 08:47:07 | INFO |    [08:47] 장전 거래량 포착(592). 09:00 정상 개장 대기.
2026-02-06 08:47:18 | INFO |    [08:47] 장전 거래량 포착(592). 09:00 정상 개장 대기.
2026-02-06 08:47:29 | INFO |    [08:47] 장전 거래량 포착(592). 09:00 정상 개장 대기.
2026-02-06 08:47:41 | INFO |    [08:47] 장전 거래량 포착(592). 09:00 정상 개장 대기.
2026-02-06 08:47:53 | INFO |    [08:47] 장전 거래량 포착(592). 09:00 정상 개장 대기.
2026-02-06 08:48:05 | INFO |    [08:48] 장전 거래량 포착(592). 09:00 정상 개장 대기.
2026-02-06 08:48:17 | INFO |    [08:48] 장전 거래량 포착(592). 09:00 정상 개장 대기.
2026-02-06 08:48:28 | INFO |    [08:48] 장전 거래량 포착(592). 09:00 정상 개장 대기.
2026-02-06 08:48:40 | INFO |    [08:48] 장전 거래량 포착(592). 09:00 정상 개장 대기.
2026-02-06 08:48:52 | INFO |    [08:48] 장전 거래량 포착(592). 09:00 정상 개장 대기.
2026-02-06 08:49:03 | INFO |    [08:49] 장전 거래량 포착(592). 09:00 정상 개장 대기.
2026-02-06 08:49:15 | INFO |    [08:49] 장전 거래량 포착(592). 09:00 정상 개장 대기.
2026-02-06 08:49:26 | INFO |    [08:49] 장전 거래량 포착(592). 09:00 정상 개장 대기.
2026-02-06 08:49:37 | INFO |    [08:49] 장전 거래량 포착(592). 09:00 정상 개장 대기.
2026-02-06 08:49:48 | INFO |    [08:49] 장전 거래량 포착(592). 09:00 정상 개장 대기.
2026-02-06 08:50:00 | INFO |    [08:49] 장전 거래량 포착(592). 09:00 정상 개장 대기.
2026-02-06 08:50:10 | INFO |    [08:50] 장전 거래량 포착(592). 09:00 정상 개장 대기.
2026-02-06 08:50:21 | INFO |    [08:50] 장전 거래량 포착(592). 09:00 정상 개장 대기.
2026-02-06 08:50:31 | INFO |    [08:50] 장전 거래량 포착(592). 09:00 정상 개장 대기.
2026-02-06 08:50:42 | INFO |    [08:50] 장전 거래량 포착(592). 09:00 정상 개장 대기.
2026-02-06 08:50:53 | INFO |    [08:50] 장전 거래량 포착(592). 09:00 정상 개장 대기.
2026-02-06 08:51:04 | INFO |    [08:51] 장전 거래량 포착(592). 09:00 정상 개장 대기.
2026-02-06 08:51:16 | INFO |    [08:51] 장전 거래량 포착(592). 09:00 정상 개장 대기.
2026-02-06 08:51:27 | INFO |    [08:51] 장전 거래량 포착(592). 09:00 정상 개장 대기.
2026-02-06 08:51:39 | INFO |    [08:51] 장전 거래량 포착(592). 09:00 정상 개장 대기.
2026-02-06 08:51:52 | INFO |    [08:51] 장전 거래량 포착(592). 09:00 정상 개장 대기.
2026-02-06 08:52:05 | INFO |    [08:52] 장전 거래량 포착(592). 09:00 정상 개장 대기.
2026-02-06 08:52:17 | INFO |    [08:52] 장전 거래량 포착(592). 09:00 정상 개장 대기.
2026-02-06 08:52:29 | INFO |    [08:52] 장전 거래량 포착(592). 09:00 정상 개장 대기.
2026-02-06 08:52:40 | INFO |    [08:52] 장전 거래량 포착(592). 09:00 정상 개장 대기.
2026-02-06 08:52:51 | INFO |    [08:52] 장전 거래량 포착(592). 09:00 정상 개장 대기.
2026-02-06 08:53:03 | INFO |    [08:53] 장전 거래량 포착(592). 09:00 정상 개장 대기.
2026-02-06 08:53:14 | INFO |    [08:53] 장전 거래량 포착(592). 09:00 정상 개장 대기.
2026-02-06 08:53:25 | INFO |    [08:53] 장전 거래량 포착(592). 09:00 정상 개장 대기.
2026-02-06 08:53:36 | INFO |    [08:53] 장전 거래량 포착(592). 09:00 정상 개장 대기.
2026-02-06 08:53:48 | INFO |    [08:53] 장전 거래량 포착(592). 09:00 정상 개장 대기.
2026-02-06 08:54:00 | INFO |    [08:53] 장전 거래량 포착(592). 09:00 정상 개장 대기.
2026-02-06 08:54:12 | INFO |    [08:54] 장전 거래량 포착(592). 09:00 정상 개장 대기.
2026-02-06 08:54:23 | INFO |    [08:54] 장전 거래량 포착(592). 09:00 정상 개장 대기.
2026-02-06 08:54:37 | INFO |    [08:54] 장전 거래량 포착(592). 09:00 정상 개장 대기.
2026-02-06 08:54:49 | INFO |    [08:54] 장전 거래량 포착(592). 09:00 정상 개장 대기.
2026-02-06 08:55:02 | INFO |    [08:54] 장전 거래량 포착(592). 09:00 정상 개장 대기.
2026-02-06 08:55:12 | INFO |    [08:55] 장전 거래량 포착(592). 09:00 정상 개장 대기.
2026-02-06 08:55:23 | INFO |    [08:55] 장전 거래량 포착(592). 09:00 정상 개장 대기.
2026-02-06 08:55:33 | INFO |    [08:55] 장전 거래량 포착(592). 09:00 정상 개장 대기.
2026-02-06 08:55:44 | INFO |    [08:55] 장전 거래량 포착(592). 09:00 정상 개장 대기.
2026-02-06 08:55:56 | INFO |    [08:55] 장전 거래량 포착(592). 09:00 정상 개장 대기.
2026-02-06 08:56:10 | INFO |    [08:56] 장전 거래량 포착(592). 09:00 정상 개장 대기.
2026-02-06 08:56:23 | INFO |    [08:56] 장전 거래량 포착(592). 09:00 정상 개장 대기.
2026-02-06 08:56:35 | INFO |    [08:56] 장전 거래량 포착(592). 09:00 정상 개장 대기.
2026-02-06 08:56:49 | INFO |    [08:56] 장전 거래량 포착(592). 09:00 정상 개장 대기.
2026-02-06 08:57:00 | INFO |    [08:56] 장전 거래량 포착(592). 09:00 정상 개장 대기.
2026-02-06 08:57:11 | INFO |    [08:57] 장전 거래량 포착(592). 09:00 정상 개장 대기.
2026-02-06 08:57:22 | INFO |    [08:57] 장전 거래량 포착(592). 09:00 정상 개장 대기.
2026-02-06 08:57:34 | INFO |    [08:57] 장전 거래량 포착(592). 09:00 정상 개장 대기.
2026-02-06 08:57:46 | INFO |    [08:57] 장전 거래량 포착(592). 09:00 정상 개장 대기.
2026-02-06 08:57:58 | INFO |    [08:57] 장전 거래량 포착(592). 09:00 정상 개장 대기.
2026-02-06 08:58:11 | INFO |    [08:58] 장전 거래량 포착(592). 09:00 정상 개장 대기.
2026-02-06 08:58:22 | INFO |    [08:58] 장전 거래량 포착(592). 09:00 정상 개장 대기.
2026-02-06 08:58:34 | INFO |    [08:58] 장전 거래량 포착(592). 09:00 정상 개장 대기.
2026-02-06 08:58:46 | INFO |    [08:58] 장전 거래량 포착(592). 09:00 정상 개장 대기.
2026-02-06 08:58:58 | INFO |    [08:58] 장전 거래량 포착(592). 09:00 정상 개장 대기.
2026-02-06 08:59:11 | INFO |    [08:59] 장전 거래량 포착(592). 09:00 정상 개장 대기.
2026-02-06 08:59:27 | INFO |    [08:59] 장전 거래량 포착(592). 09:00 정상 개장 대기.
2026-02-06 08:59:40 | INFO |    [08:59] 장전 거래량 포착(592). 09:00 정상 개장 대기.
2026-02-06 08:59:53 | INFO |    [08:59] 장전 거래량 포착(592). 09:00 정상 개장 대기.
2026-02-06 09:00:40 | INFO | 🛡️ [손절유예] 갭하락(-3.36%) 발생했으나 09:03까지 대기
2026-02-06 09:00:40 | INFO | 🛡️ [손절유예] 손절가(-3.36%) 도달했으나 09:03까지 대기
2026-02-06 09:01:41 | INFO | 🛡️ [손절유예] 갭하락(-5.59%) 발생했으나 09:03까지 대기
2026-02-06 09:01:41 | INFO | 🛡️ [손절유예] 손절가(-5.59%) 도달했으나 09:03까지 대기
2026-02-06 09:02:12 | INFO | 🛡️ [손절유예] 갭하락(-8.28%) 발생했으나 09:03까지 대기
2026-02-06 09:02:12 | INFO | 🛡️ [손절유예] 손절가(-8.28%) 도달했으나 09:03까지 대기
2026-02-06 09:03:11 | INFO | ❌ 감시 루프 에러: 'strategy'
2026-02-06 09:03:16 | INFO | 🗑️ [수동청산 감지] 파두 목록에서 제거
2026-02-06 13:02:01 | INFO | ❌ 잔고 조회 실패: HTTPSConnectionPool(host='openapi.koreainvestment.com', port=9443): Read timed out. (read timeout=5)
2026-02-06 15:00:00 | INFO | ⏳ [15:00:00] 매수 대기 중...
2026-02-06 15:01:00 | INFO | ⏳ [15:01:00] 매수 대기 중...
2026-02-06 15:02:00 | INFO | ⏳ [15:02:00] 매수 대기 중...
2026-02-06 15:03:00 | INFO | ⏳ [15:03:00] 매수 대기 중...
2026-02-06 15:04:00 | INFO | ⏳ [15:04:00] 매수 대기 중...
2026-02-06 15:05:00 | INFO | ⏳ [15:05:00] 매수 대기 중...
2026-02-06 15:06:00 | INFO | ⏳ [15:06:00] 매수 대기 중...
2026-02-06 15:07:00 | INFO | ⏳ [15:07:00] 매수 대기 중...
2026-02-06 15:08:00 | INFO | ⏳ [15:08:00] 매수 대기 중...
2026-02-06 15:09:00 | INFO | ⏳ [15:09:00] 매수 대기 중...
2026-02-06 15:10:00 | INFO | ⏳ [15:10:00] 매수 대기 중...
2026-02-06 15:11:00 | INFO | ⏳ [15:11:00] 매수 대기 중...
2026-02-06 15:12:00 | INFO | ⏳ [15:12:00] 매수 대기 중...
2026-02-06 15:13:00 | INFO | ⏳ [15:13:00] 매수 대기 중...
2026-02-06 15:14:00 | INFO | ⏳ [15:14:00] 매수 대기 중...
2026-02-06 15:15:00 | INFO | 🎯 [Targeting] 종가베팅 종목 선정 및 예산 심사 시작...
2026-02-06 15:15:00 | INFO | ✅ 조건검색식 'jongga' 매핑 완료 (Seq: 3)
2026-02-06 15:15:02 | INFO | ❌ 조건 만족 종목 없음
2026-02-06 15:16:02 | INFO | 🎯 [Targeting] 종가베팅 종목 선정 및 예산 심사 시작...
2026-02-06 15:16:03 | INFO | ❌ 조건 만족 종목 없음
2026-02-06 15:17:03 | INFO | 🎯 [Targeting] 종가베팅 종목 선정 및 예산 심사 시작...
2026-02-06 15:17:05 | INFO | ❌ 조건 만족 종목 없음
2026-02-06 15:18:05 | INFO | 🎯 [Targeting] 종가베팅 종목 선정 및 예산 심사 시작...
2026-02-06 15:18:06 | INFO | ❌ 조건 만족 종목 없음
2026-02-06 15:19:06 | INFO | 🎯 [Targeting] 종가베팅 종목 선정 및 예산 심사 시작...
2026-02-06 15:19:07 | INFO | ❌ 조건 만족 종목 없음
2026-02-06 17:19:10 | INFO | ❌ 잔고 조회 실패: HTTPSConnectionPool(host='openapi.koreainvestment.com', port=9443): Read timed out. (read timeout=5)
🔄 [REAL] 새로운 토큰 발급 요청 중...
✅ [REAL] 토큰 발급 완료 (만료: 2026-02-07 23:55:21)
2026-02-07 07:40:16 | INFO | 텔레그램 리스너 에러: HTTPSConnectionPool(host='api.telegram.org', port=443): Read timed out. (read timeout=15)
2026-02-07 07:40:36 | INFO | 텔레그램 리스너 에러: HTTPSConnectionPool(host='api.telegram.org', port=443): Read timed out. (read timeout=15)
2026-02-07 07:40:57 | INFO | 텔레그램 리스너 에러: HTTPSConnectionPool(host='api.telegram.org', port=443): Read timed out. (read timeout=15)
2026-02-07 08:50:02 | INFO | 🧹 [일일 리셋] 02/07 새 하루 시작을 위해 변수 초기화 완료
2026-02-07 08:50:02 | INFO | 🕵️ 시장 개장 감시 시작 (삼성전자 거래량 감시)...
2026-02-08 08:50:02 | INFO | 🕵️ 시장 개장 감시 시작 (삼성전자 거래량 감시)...
🔄 [REAL] 새로운 토큰 발급 요청 중...
✅ [REAL] 토큰 발급 완료 (만료: 2026-02-10 00:00:01)
2026-02-09 00:03:20 | INFO | ❌ 잔고 조회 실패: HTTPSConnectionPool(host='openapi.koreainvestment.com', port=9443): Read timed out. (read timeout=5)
2026-02-09 00:10:30 | INFO | ❌ 잔고 조회 실패: HTTPSConnectionPool(host='openapi.koreainvestment.com', port=9443): Read timed out. (read timeout=5)
2026-02-09 08:50:02 | INFO | 🕵️ 시장 개장 감시 시작 (삼성전자 거래량 감시)...
2026-02-09 08:50:02 | INFO |    [08:50] 장전 거래량 포착(1). 09:00 정상 개장 대기.
2026-02-09 08:50:13 | INFO |    [08:50] 장전 거래량 포착(1). 09:00 정상 개장 대기.
2026-02-09 08:50:23 | INFO |    [08:50] 장전 거래량 포착(1). 09:00 정상 개장 대기.
2026-02-09 08:50:34 | INFO |    [08:50] 장전 거래량 포착(1). 09:00 정상 개장 대기.
2026-02-09 08:50:44 | INFO |    [08:50] 장전 거래량 포착(1). 09:00 정상 개장 대기.
2026-02-09 08:50:55 | INFO |    [08:50] 장전 거래량 포착(1). 09:00 정상 개장 대기.
2026-02-09 08:51:05 | INFO |    [08:51] 장전 거래량 포착(1). 09:00 정상 개장 대기.
2026-02-09 08:51:16 | INFO |    [08:51] 장전 거래량 포착(1). 09:00 정상 개장 대기.
2026-02-09 08:51:26 | INFO |    [08:51] 장전 거래량 포착(1). 09:00 정상 개장 대기.
2026-02-09 08:51:37 | INFO |    [08:51] 장전 거래량 포착(1). 09:00 정상 개장 대기.
2026-02-09 08:51:47 | INFO |    [08:51] 장전 거래량 포착(1). 09:00 정상 개장 대기.
2026-02-09 08:51:58 | INFO |    [08:51] 장전 거래량 포착(1). 09:00 정상 개장 대기.
2026-02-09 08:52:08 | INFO |    [08:52] 장전 거래량 포착(1). 09:00 정상 개장 대기.
2026-02-09 08:52:19 | INFO |    [08:52] 장전 거래량 포착(1). 09:00 정상 개장 대기.
2026-02-09 08:52:29 | INFO |    [08:52] 장전 거래량 포착(1). 09:00 정상 개장 대기.
2026-02-09 08:52:40 | INFO |    [08:52] 장전 거래량 포착(1). 09:00 정상 개장 대기.
2026-02-09 08:52:50 | INFO |    [08:52] 장전 거래량 포착(1). 09:00 정상 개장 대기.
2026-02-09 08:53:01 | INFO |    [08:53] 장전 거래량 포착(1). 09:00 정상 개장 대기.
2026-02-09 08:53:11 | INFO |    [08:53] 장전 거래량 포착(1). 09:00 정상 개장 대기.
2026-02-09 08:53:22 | INFO |    [08:53] 장전 거래량 포착(1). 09:00 정상 개장 대기.
2026-02-09 08:53:32 | INFO |    [08:53] 장전 거래량 포착(1). 09:00 정상 개장 대기.
2026-02-09 08:53:43 | INFO |    [08:53] 장전 거래량 포착(1). 09:00 정상 개장 대기.
2026-02-09 08:53:53 | INFO |    [08:53] 장전 거래량 포착(1). 09:00 정상 개장 대기.
2026-02-09 08:54:04 | INFO |    [08:54] 장전 거래량 포착(1). 09:00 정상 개장 대기.
2026-02-09 08:54:14 | INFO |    [08:54] 장전 거래량 포착(1). 09:00 정상 개장 대기.
2026-02-09 08:54:25 | INFO |    [08:54] 장전 거래량 포착(1). 09:00 정상 개장 대기.
2026-02-09 08:54:35 | INFO |    [08:54] 장전 거래량 포착(1). 09:00 정상 개장 대기.
2026-02-09 08:54:46 | INFO |    [08:54] 장전 거래량 포착(1). 09:00 정상 개장 대기.
2026-02-09 08:54:56 | INFO |    [08:54] 장전 거래량 포착(1). 09:00 정상 개장 대기.
2026-02-09 08:55:06 | INFO |    [08:55] 장전 거래량 포착(1). 09:00 정상 개장 대기.
2026-02-09 08:55:17 | INFO |    [08:55] 장전 거래량 포착(1). 09:00 정상 개장 대기.
2026-02-09 08:55:27 | INFO |    [08:55] 장전 거래량 포착(1). 09:00 정상 개장 대기.
2026-02-09 08:55:38 | INFO |    [08:55] 장전 거래량 포착(1). 09:00 정상 개장 대기.
2026-02-09 08:55:48 | INFO |    [08:55] 장전 거래량 포착(1). 09:00 정상 개장 대기.
2026-02-09 08:55:59 | INFO |    [08:55] 장전 거래량 포착(1). 09:00 정상 개장 대기.
2026-02-09 08:56:09 | INFO |    [08:56] 장전 거래량 포착(1). 09:00 정상 개장 대기.
2026-02-09 08:56:20 | INFO |    [08:56] 장전 거래량 포착(1). 09:00 정상 개장 대기.
2026-02-09 08:56:30 | INFO |    [08:56] 장전 거래량 포착(1). 09:00 정상 개장 대기.
2026-02-09 08:56:41 | INFO |    [08:56] 장전 거래량 포착(1). 09:00 정상 개장 대기.
2026-02-09 08:56:51 | INFO |    [08:56] 장전 거래량 포착(1). 09:00 정상 개장 대기.
2026-02-09 08:57:02 | INFO |    [08:57] 장전 거래량 포착(1). 09:00 정상 개장 대기.
2026-02-09 08:57:12 | INFO |    [08:57] 장전 거래량 포착(1). 09:00 정상 개장 대기.
2026-02-09 08:57:22 | INFO |    [08:57] 장전 거래량 포착(1). 09:00 정상 개장 대기.
2026-02-09 08:57:33 | INFO |    [08:57] 장전 거래량 포착(1). 09:00 정상 개장 대기.
2026-02-09 08:57:43 | INFO |    [08:57] 장전 거래량 포착(1). 09:00 정상 개장 대기.
2026-02-09 08:57:54 | INFO |    [08:57] 장전 거래량 포착(1). 09:00 정상 개장 대기.
2026-02-09 08:58:04 | INFO |    [08:58] 장전 거래량 포착(1). 09:00 정상 개장 대기.
2026-02-09 08:58:15 | INFO |    [08:58] 장전 거래량 포착(1). 09:00 정상 개장 대기.
2026-02-09 08:58:25 | INFO |    [08:58] 장전 거래량 포착(1). 09:00 정상 개장 대기.
2026-02-09 08:58:36 | INFO |    [08:58] 장전 거래량 포착(1). 09:00 정상 개장 대기.
2026-02-09 08:58:46 | INFO |    [08:58] 장전 거래량 포착(1). 09:00 정상 개장 대기.
2026-02-09 08:58:57 | INFO |    [08:58] 장전 거래량 포착(1). 09:00 정상 개장 대기.
2026-02-09 08:59:07 | INFO |    [08:59] 장전 거래량 포착(1). 09:00 정상 개장 대기.
2026-02-09 08:59:17 | INFO |    [08:59] 장전 거래량 포착(1). 09:00 정상 개장 대기.
2026-02-09 08:59:28 | INFO |    [08:59] 장전 거래량 포착(1). 09:00 정상 개장 대기.
2026-02-09 08:59:38 | INFO |    [08:59] 장전 거래량 포착(1). 09:00 정상 개장 대기.
2026-02-09 08:59:49 | INFO |    [08:59] 장전 거래량 포착(1). 09:00 정상 개장 대기.
2026-02-09 08:59:59 | INFO |    [08:59] 장전 거래량 포착(1). 09:00 정상 개장 대기.
2026-02-09 10:40:20 | INFO | ❌ 잔고 조회 실패: HTTPSConnectionPool(host='openapi.koreainvestment.com', port=9443): Read timed out. (read timeout=5)
2026-02-09 11:18:32 | INFO | ❌ 잔고 조회 실패: HTTPSConnectionPool(host='openapi.koreainvestment.com', port=9443): Read timed out. (read timeout=5)
2026-02-09 15:00:00 | INFO | ⏳ [15:00:00] 매수 대기 중...
2026-02-09 15:01:00 | INFO | ⏳ [15:01:00] 매수 대기 중...
2026-02-09 15:02:00 | INFO | ⏳ [15:02:00] 매수 대기 중...
2026-02-09 15:03:00 | INFO | ⏳ [15:03:00] 매수 대기 중...
2026-02-09 15:04:00 | INFO | ⏳ [15:04:00] 매수 대기 중...
2026-02-09 15:05:00 | INFO | ⏳ [15:05:00] 매수 대기 중...
2026-02-09 15:06:00 | INFO | ⏳ [15:06:00] 매수 대기 중...
2026-02-09 15:07:00 | INFO | ⏳ [15:07:00] 매수 대기 중...
2026-02-09 15:08:00 | INFO | ⏳ [15:08:00] 매수 대기 중...
2026-02-09 15:09:00 | INFO | ⏳ [15:09:00] 매수 대기 중...
2026-02-09 15:10:00 | INFO | ⏳ [15:10:00] 매수 대기 중...
2026-02-09 15:11:00 | INFO | ⏳ [15:11:00] 매수 대기 중...
2026-02-09 15:12:00 | INFO | ⏳ [15:12:00] 매수 대기 중...
2026-02-09 15:13:00 | INFO | ⏳ [15:13:00] 매수 대기 중...
2026-02-09 15:14:00 | INFO | ⏳ [15:14:00] 매수 대기 중...
2026-02-09 15:15:00 | INFO | 🎯 [Targeting] 종가베팅 종목 선정 및 예산 심사 시작...
2026-02-09 15:15:03 | INFO | 💰 [잔고상세] 순자산: 3,563,996 | 예수금: 2,754,718 | 평가액: 3,563,996
2026-02-09 15:15:03 | INFO | 💰 종목당 할당: 831,599원 (1회 분할한도: 207,899원)
2026-02-09 15:15:05 | INFO | ♻️ [관리등록] 한화솔루션 (4주, 평단 48,000)
2026-02-09 15:15:08 | INFO | ♻️ [관리등록] 아모레퍼시픽 (1주, 평단 165,000)
2026-02-09 15:16:03 | INFO | 📈 [수동증가 감지] 한화솔루션 수량/평단 갱신
2026-02-09 15:16:03 | INFO | 📈 [수동증가 감지] 아모레퍼시픽 수량/평단 갱신
2026-02-09 15:17:02 | INFO | 📈 [수동증가 감지] 한화솔루션 수량/평단 갱신
2026-02-09 15:17:04 | INFO | 📈 [수동증가 감지] 아모레퍼시픽 수량/평단 갱신
2026-02-09 15:18:06 | INFO | 📈 [수동증가 감지] 한화솔루션 수량/평단 갱신
2026-02-09 15:18:06 | INFO | 📈 [수동증가 감지] 아모레퍼시픽 수량/평단 갱신
2026-02-09 15:35:01 | INFO | ♻️ [관리등록] 한화솔루션 (16주, 평단 47,912)
2026-02-09 15:35:01 | INFO | ♻️ [관리등록] 아모레퍼시픽 (4주, 평단 164,925)
2026-02-09 16:57:40 | INFO | ❌ 잔고 조회 실패: HTTPSConnectionPool(host='openapi.koreainvestment.com', port=9443): Read timed out. (read timeout=5)
2026-02-09 19:37:17 | INFO | ❌ 잔고 조회 실패: HTTPSConnectionPool(host='openapi.koreainvestment.com', port=9443): Read timed out. (read timeout=5)
2026-02-09 19:53:49 | INFO | ♻️ [관리등록] 두산에너빌리티 (10주, 평단 94,200)
